-------------------------------------------------------------------------------
Test set: Dev001
-------------------------------------------------------------------------------
Tests run: 2, Failures: 1, Errors: 0, Skipped: 0, Time elapsed: 0.067 sec <<< FAILURE! - in Dev001
test2(Dev001)  Time elapsed: 0.005 sec  <<< FAILURE!
java.lang.AssertionError: Dev fail
	at Dev001.test2(Dev001.java:19)

