-------------------------------------------------------------------------------
Test set: TestSuite
-------------------------------------------------------------------------------
Tests run: 4, Failures: 1, Errors: 0, Skipped: 0, Time elapsed: 0.648 sec <<< FAILURE! - in TestSuite
test2(Dev001)  Time elapsed: 0.011 sec  <<< FAILURE!
java.lang.AssertionError: Dev fail
	at Dev001.test2(Dev001.java:18)

